<?xml version="1.0" encoding="UTF-8"?>
<robot generator="Robot 3.2.2 (Python 3.10.2 on win32)" generated="20220413 17:54:22.581" rpa="false">
<suite id="s1" name="AutomaitonRobot" source="C:\Users\user\eclipse-workspace\AutomaitonRobot">
<suite id="s1-s1" name="Test" source="C:\Users\user\eclipse-workspace\AutomaitonRobot\Test">
<suite id="s1-s1-s1" name="TelstraEnterprisePage" source="C:\Users\user\eclipse-workspace\AutomaitonRobot\Test\TelstraEnterprisePage.robot">
<test id="s1-s1-s1-t1" name="load Teltra Enterprises page">
<kw name="Open Browser" library="Selenium2Library">
<doc>Opens a new browser instance to the optional ``url``.</doc>
<arguments>
<arg>${Url}</arg>
<arg>${Browser}</arg>
</arguments>
<msg timestamp="20220413 17:54:22.864" level="INFO">Opening browser 'chrome' to base url 'https://www.telstra.com.au/'.</msg>
<status status="PASS" starttime="20220413 17:54:22.864" endtime="20220413 17:54:28.645"></status>
</kw>
<kw name="Maximize Browser Window" library="Selenium2Library">
<doc>Maximizes current browser window.</doc>
<status status="PASS" starttime="20220413 17:54:28.645" endtime="20220413 17:54:28.777"></status>
</kw>
<kw name="Sleep" library="BuiltIn">
<doc>Pauses the test executed for the given time.</doc>
<arguments>
<arg>${Delay}</arg>
</arguments>
<msg timestamp="20220413 17:54:38.785" level="INFO">Slept 10 seconds</msg>
<status status="PASS" starttime="20220413 17:54:28.777" endtime="20220413 17:54:38.785"></status>
</kw>
<kw name="Click Element" library="Selenium2Library">
<doc>Click the element identified by ``locator``.</doc>
<arguments>
<arg>XPath=/html/body/div[2]/div[2]/div/nav/ul[1]/li[3]/a/span</arg>
</arguments>
<msg timestamp="20220413 17:54:38.786" level="INFO">Clicking element 'XPath=/html/body/div[2]/div[2]/div/nav/ul[1]/li[3]/a/span'.</msg>
<status status="PASS" starttime="20220413 17:54:38.785" endtime="20220413 17:54:38.893"></status>
</kw>
<kw name="Sleep" library="BuiltIn">
<doc>Pauses the test executed for the given time.</doc>
<arguments>
<arg>${Delay}</arg>
</arguments>
<msg timestamp="20220413 17:54:48.899" level="INFO">Slept 10 seconds</msg>
<status status="PASS" starttime="20220413 17:54:38.893" endtime="20220413 17:54:48.900"></status>
</kw>
<kw name="Click Element" library="Selenium2Library">
<doc>Click the element identified by ``locator``.</doc>
<arguments>
<arg>XPath=//span[text()='Services']</arg>
</arguments>
<msg timestamp="20220413 17:54:48.903" level="INFO">Clicking element 'XPath=//span[text()='Services']'.</msg>
<status status="PASS" starttime="20220413 17:54:48.901" endtime="20220413 17:54:48.994"></status>
</kw>
<kw name="Sleep" library="BuiltIn">
<doc>Pauses the test executed for the given time.</doc>
<arguments>
<arg>${Delay}</arg>
</arguments>
<msg timestamp="20220413 17:54:59.000" level="INFO">Slept 10 seconds</msg>
<status status="PASS" starttime="20220413 17:54:48.994" endtime="20220413 17:54:59.001"></status>
</kw>
<kw name="Click Link" library="Selenium2Library">
<doc>Clicks a link identified by ``locator``.</doc>
<arguments>
<arg>xPath=//a[text()='Managed Networks']</arg>
</arguments>
<msg timestamp="20220413 17:54:59.004" level="INFO">Clicking link 'xPath=//a[text()='Managed Networks']'.</msg>
<status status="PASS" starttime="20220413 17:54:59.002" endtime="20220413 17:55:04.973"></status>
</kw>
<kw name="Sleep" library="BuiltIn">
<doc>Pauses the test executed for the given time.</doc>
<arguments>
<arg>${Delay}</arg>
</arguments>
<msg timestamp="20220413 17:55:14.975" level="INFO">Slept 10 seconds</msg>
<status status="PASS" starttime="20220413 17:55:04.974" endtime="20220413 17:55:14.975"></status>
</kw>
<kw name="Capture Page Screenshot" library="Selenium2Library">
<doc>Takes a screenshot of the current page and embeds it into a log file.</doc>
<arguments>
<arg>filename=TeltraManagedNetwork.png</arg>
</arguments>
<msg timestamp="20220413 17:55:15.315" level="INFO" html="yes">&lt;/td&gt;&lt;/tr&gt;&lt;tr&gt;&lt;td colspan="3"&gt;&lt;a href="TeltraManagedNetwork.png"&gt;&lt;img src="TeltraManagedNetwork.png" width="800px"&gt;&lt;/a&gt;</msg>
<status status="PASS" starttime="20220413 17:55:14.977" endtime="20220413 17:55:15.315"></status>
</kw>
<kw name="Close Browser" library="Selenium2Library" type="teardown">
<doc>Closes the current browser.</doc>
<status status="PASS" starttime="20220413 17:55:15.316" endtime="20220413 17:55:17.452"></status>
</kw>
<doc>your test case document</doc>
<status status="PASS" starttime="20220413 17:54:22.863" endtime="20220413 17:55:17.453" critical="yes"></status>
</test>
<doc>your document</doc>
<status status="PASS" starttime="20220413 17:54:22.629" endtime="20220413 17:55:17.455"></status>
</suite>
<status status="PASS" starttime="20220413 17:54:22.627" endtime="20220413 17:55:17.457"></status>
</suite>
<status status="PASS" starttime="20220413 17:54:22.609" endtime="20220413 17:55:17.459"></status>
</suite>
<statistics>
<total>
<stat pass="1" fail="0">Critical Tests</stat>
<stat pass="1" fail="0">All Tests</stat>
</total>
<tag>
</tag>
<suite>
<stat pass="1" fail="0" id="s1" name="AutomaitonRobot">AutomaitonRobot</stat>
<stat pass="1" fail="0" id="s1-s1" name="Test">AutomaitonRobot.Test</stat>
<stat pass="1" fail="0" id="s1-s1-s1" name="TelstraEnterprisePage">AutomaitonRobot.Test.TelstraEnterprisePage</stat>
</suite>
</statistics>
<errors>
</errors>
</robot>
